<?xml version="1.0" encoding="UTF-8"?>
<testsuite name="LinkedListTest$NodeTests$StringNodes" tests="2" skipped="0" failures="0" errors="0" timestamp="2018-07-22T08:29:39" hostname="Anthonys-MacBook-Air.local" time="0.016">
  <properties/>
  <testcase name="Node equality" classname="LinkedListTest$NodeTests$StringNodes" time="0.002"/>
  <testcase name="Comparable types" classname="LinkedListTest$NodeTests$StringNodes" time="0.008"/>
  <system-out><![CDATA[]]></system-out>
  <system-err><![CDATA[]]></system-err>
</testsuite>
