<?xml version="1.0" encoding="UTF-8"?>
<testsuite name="org.gradle.junitplatform.LinkedListTest$ListTests" tests="2" skipped="0" failures="0" errors="0" timestamp="2018-07-18T02:11:28" hostname="Anthonys-MacBook-Air.local" time="0.03">
  <properties/>
  <testcase name="Tests for circular list checking" classname="org.gradle.junitplatform.LinkedListTest$ListTests" time="0.022"/>
  <testcase name="Create a list" classname="org.gradle.junitplatform.LinkedListTest$ListTests" time="0.005"/>
  <system-out><![CDATA[]]></system-out>
  <system-err><![CDATA[]]></system-err>
</testsuite>
