<?xml version="1.0" encoding="UTF-8"?>
<testsuite name="org.gradle.junitplatform.LinkedListTest$NodeTests" tests="2" skipped="1" failures="0" errors="0" timestamp="2018-07-19T23:11:17" hostname="Anthonys-MacBook-Air.local" time="0.021">
  <properties/>
  <testcase name="Creating nodes" classname="org.gradle.junitplatform.LinkedListTest$NodeTests" time="0.002"/>
  <testcase name="Invalid element type -- this test does not compile." classname="org.gradle.junitplatform.LinkedListTest$NodeTests" time="0.0">
    <skipped/>
  </testcase>
  <system-out><![CDATA[]]></system-out>
  <system-err><![CDATA[]]></system-err>
</testsuite>
