<?xml version="1.0" encoding="UTF-8"?>
<testsuite name="LinkedListTest$ListTests" tests="2" skipped="0" failures="0" errors="0" timestamp="2018-07-22T08:29:39" hostname="Anthonys-MacBook-Air.local" time="0.03">
  <properties/>
  <testcase name="Test for circular list checking" classname="LinkedListTest$ListTests" time="0.023"/>
  <testcase name="Creating LinkedLists" classname="LinkedListTest$ListTests" time="0.005"/>
  <system-out><![CDATA[]]></system-out>
  <system-err><![CDATA[]]></system-err>
</testsuite>
