<?xml version="1.0" encoding="UTF-8"?>
<testsuite name="org.gradle.junitplatform.LinkedListTest$NodeTests$StringNodes" tests="2" skipped="0" failures="0" errors="0" timestamp="2018-07-18T02:11:28" hostname="Anthonys-MacBook-Air.local" time="0.012">
  <properties/>
  <testcase name="Test four different types of return" classname="org.gradle.junitplatform.LinkedListTest$NodeTests$StringNodes" time="0.003"/>
  <testcase name="Test compareTo() / Comparable" classname="org.gradle.junitplatform.LinkedListTest$NodeTests$StringNodes" time="0.005"/>
  <system-out><![CDATA[]]></system-out>
  <system-err><![CDATA[]]></system-err>
</testsuite>
