<?xml version="1.0" encoding="UTF-8"?>
<testsuite name="org.gradle.junitplatform.LinkedListTest" tests="3" skipped="1" failures="0" errors="0" timestamp="2018-07-17T17:22:17" hostname="Anthonys-MacBook-Air.local" time="0.022">
  <properties/>
  <testcase name="TestComparingListNodes()" classname="org.gradle.junitplatform.LinkedListTest" time="0.015"/>
  <testcase name="TestCreateListNode()" classname="org.gradle.junitplatform.LinkedListTest" time="0.001"/>
  <testcase name="FailingTest()" classname="org.gradle.junitplatform.LinkedListTest" time="0.0">
    <skipped/>
  </testcase>
  <system-out><![CDATA[]]></system-out>
  <system-err><![CDATA[]]></system-err>
</testsuite>
