<?xml version="1.0" encoding="UTF-8"?>
<testsuite name="org.gradle.junitplatform.LinkedListTest$ListTests" tests="2" skipped="0" failures="0" errors="0" timestamp="2018-07-21T00:26:06" hostname="Anthonys-MacBook-Air.local" time="0.031">
  <properties/>
  <testcase name="Test for circular list checking" classname="org.gradle.junitplatform.LinkedListTest$ListTests" time="0.016"/>
  <testcase name="Creating LinkedLists" classname="org.gradle.junitplatform.LinkedListTest$ListTests" time="0.013"/>
  <system-out><![CDATA[]]></system-out>
  <system-err><![CDATA[]]></system-err>
</testsuite>
